\BOOKMARK [1][-]{section.1}{Indeks}{}% 1
\BOOKMARK [2][-]{song1-1.2}{1. Zapisze sniegiem w kominie}{section.1}% 2
\BOOKMARK [2][-]{song1-2.2}{2. Hiszpanskie Dziewczyny}{section.1}% 3
\BOOKMARK [2][-]{song1-3.2}{3. Hey Jude}{section.1}% 4
\BOOKMARK [2][-]{song1-4.2}{4. Ukulele lady}{section.1}% 5
\BOOKMARK [2][-]{song1-5.2}{5. Piekarnik}{section.1}% 6
\BOOKMARK [2][-]{song1-6.2}{6. Powroty II}{section.1}% 7
\BOOKMARK [2][-]{song1-7.2}{7. Dziki W\233\363czega}{section.1}% 8
\BOOKMARK [2][-]{song1-8.2}{8. Smia\233y Harpunnik}{section.1}% 9
\BOOKMARK [2][-]{song1-9.2}{9. Gdzie ta keja}{section.1}% 10
\BOOKMARK [2][-]{song1-10.2}{10. Pozegnanie Liverpoolu}{section.1}% 11
\BOOKMARK [2][-]{song1-11.2}{11. Z pijanym zeglarzem}{section.1}% 12
\BOOKMARK [2][-]{song1-12.2}{12. Do prostego cz\233owieka}{section.1}% 13
\BOOKMARK [2][-]{song1-13.2}{13. O dziewiatkach}{section.1}% 14
\BOOKMARK [2][-]{song1-14.2}{14. A droga d\233uga jest}{section.1}% 15
\BOOKMARK [2][-]{song1-15.2}{15. Lubie m\363wic z toba}{section.1}% 16
\BOOKMARK [2][-]{song1-16.2}{16. Dzieci}{section.1}% 17
\BOOKMARK [2][-]{song1-17.2}{17. Cz\233owiek z lisciem na g\233owie}{section.1}% 18
\BOOKMARK [2][-]{song1-18.2}{18. Bieszczady}{section.1}% 19
\BOOKMARK [2][-]{song1-19.2}{19. Anio\233 i diabe\233}{section.1}% 20
\BOOKMARK [2][-]{song1-20.2}{20. Zr\363b cos z soba}{section.1}% 21
